<?xml version="1.0" encoding="UTF-8"?>
<testsuite name="com.jimevansstl.calculator.CalculatorTest" tests="1" skipped="0" failures="0" errors="0" timestamp="2023-07-13T01:53:17" hostname="debjenkins" time="0.007">
  <properties/>
  <testcase name="testSum()" classname="com.jimevansstl.calculator.CalculatorTest" time="0.007"/>
  <system-out><![CDATA[]]></system-out>
  <system-err><![CDATA[]]></system-err>
</testsuite>
