<?xml version="1.0" encoding="UTF-8"?>
<testsuite name="com.jimevansstl.calculator.CalculatorApplicationTests" tests="1" skipped="0" failures="0" errors="0" timestamp="2023-07-12T19:00:42" hostname="debjenkins" time="0.144">
  <properties/>
  <testcase name="contextLoads()" classname="com.jimevansstl.calculator.CalculatorApplicationTests" time="0.144"/>
  <system-out><![CDATA[14:00:41.856 [Test worker] DEBUG org.springframework.test.context.BootstrapUtils - Instantiating CacheAwareContextLoaderDelegate from class [org.springframework.test.context.cache.DefaultCacheAwareContextLoaderDelegate]
14:00:41.860 [Test worker] DEBUG org.springframework.test.context.BootstrapUtils - Instantiating BootstrapContext using constructor [public org.springframework.test.context.support.DefaultBootstrapContext(java.lang.Class,org.springframework.test.context.CacheAwareContextLoaderDelegate)]
14:00:41.887 [Test worker] DEBUG org.springframework.test.context.BootstrapUtils - Instantiating TestContextBootstrapper for test class [com.jimevansstl.calculator.CalculatorApplicationTests] from class [org.springframework.boot.test.context.SpringBootTestContextBootstrapper]
14:00:41.892 [Test worker] INFO org.springframework.boot.test.context.SpringBootTestContextBootstrapper - Neither @ContextConfiguration nor @ContextHierarchy found for test class [com.jimevansstl.calculator.CalculatorApplicationTests], using SpringBootContextLoader
14:00:41.894 [Test worker] DEBUG org.springframework.test.context.support.AbstractContextLoader - Did not detect default resource location for test class [com.jimevansstl.calculator.CalculatorApplicationTests]: class path resource [com/jimevansstl/calculator/CalculatorApplicationTests-context.xml] does not exist
14:00:41.895 [Test worker] DEBUG org.springframework.test.context.support.AbstractContextLoader - Did not detect default resource location for test class [com.jimevansstl.calculator.CalculatorApplicationTests]: class path resource [com/jimevansstl/calculator/CalculatorApplicationTestsContext.groovy] does not exist
14:00:41.895 [Test worker] INFO org.springframework.test.context.support.AbstractContextLoader - Could not detect default resource locations for test class [com.jimevansstl.calculator.CalculatorApplicationTests]: no resource found for suffixes {-context.xml, Context.groovy}.
14:00:41.895 [Test worker] INFO org.springframework.test.context.support.AnnotationConfigContextLoaderUtils - Could not detect default configuration classes for test class [com.jimevansstl.calculator.CalculatorApplicationTests]: CalculatorApplicationTests does not declare any static, non-private, non-final, nested classes annotated with @Configuration.
14:00:41.913 [Test worker] DEBUG org.springframework.test.context.support.ActiveProfilesUtils - Could not find an 'annotation declaring class' for annotation type [org.springframework.test.context.ActiveProfiles] and class [com.jimevansstl.calculator.CalculatorApplicationTests]
14:00:41.938 [Test worker] DEBUG org.springframework.context.annotation.ClassPathScanningCandidateComponentProvider - Identified candidate component class: file [/home/jim/Development/2nd_try/calculator/build/classes/java/main/com/jimevansstl/calculator/CalculatorApplication.class]
14:00:41.941 [Test worker] INFO org.springframework.boot.test.context.SpringBootTestContextBootstrapper - Found @SpringBootConfiguration com.jimevansstl.calculator.CalculatorApplication for test class com.jimevansstl.calculator.CalculatorApplicationTests
14:00:41.993 [Test worker] DEBUG org.springframework.boot.test.context.SpringBootTestContextBootstrapper - @TestExecutionListeners is not present for class [com.jimevansstl.calculator.CalculatorApplicationTests]: using defaults.
14:00:41.993 [Test worker] INFO org.springframework.boot.test.context.SpringBootTestContextBootstrapper - Loaded default TestExecutionListener class names from location [META-INF/spring.factories]: [org.springframework.boot.test.autoconfigure.restdocs.RestDocsTestExecutionListener, org.springframework.boot.test.autoconfigure.web.client.MockRestServiceServerResetTestExecutionListener, org.springframework.boot.test.autoconfigure.web.servlet.MockMvcPrintOnlyOnFailureTestExecutionListener, org.springframework.boot.test.autoconfigure.web.servlet.WebDriverTestExecutionListener, org.springframework.boot.test.autoconfigure.webservices.client.MockWebServiceServerTestExecutionListener, org.springframework.boot.test.mock.mockito.MockitoTestExecutionListener, org.springframework.boot.test.mock.mockito.ResetMocksTestExecutionListener, org.springframework.test.context.web.ServletTestExecutionListener, org.springframework.test.context.support.DirtiesContextBeforeModesTestExecutionListener, org.springframework.test.context.event.ApplicationEventsTestExecutionListener, org.springframework.test.context.support.DependencyInjectionTestExecutionListener, org.springframework.test.context.support.DirtiesContextTestExecutionListener, org.springframework.test.context.transaction.TransactionalTestExecutionListener, org.springframework.test.context.jdbc.SqlScriptsTestExecutionListener, org.springframework.test.context.event.EventPublishingTestExecutionListener]
14:00:42.011 [Test worker] DEBUG org.springframework.boot.test.context.SpringBootTestContextBootstrapper - Skipping candidate TestExecutionListener [org.springframework.test.context.transaction.TransactionalTestExecutionListener] due to a missing dependency. Specify custom listener classes or make the default listener classes and their required dependencies available. Offending class: [org/springframework/transaction/interceptor/TransactionAttributeSource]
14:00:42.012 [Test worker] DEBUG org.springframework.boot.test.context.SpringBootTestContextBootstrapper - Skipping candidate TestExecutionListener [org.springframework.test.context.jdbc.SqlScriptsTestExecutionListener] due to a missing dependency. Specify custom listener classes or make the default listener classes and their required dependencies available. Offending class: [org/springframework/transaction/interceptor/TransactionAttribute]
14:00:42.012 [Test worker] INFO org.springframework.boot.test.context.SpringBootTestContextBootstrapper - Using TestExecutionListeners: [org.springframework.test.context.web.ServletTestExecutionListener@372b0d86, org.springframework.test.context.support.DirtiesContextBeforeModesTestExecutionListener@47747fb9, org.springframework.test.context.event.ApplicationEventsTestExecutionListener@3113a37, org.springframework.boot.test.mock.mockito.MockitoTestExecutionListener@213e3629, org.springframework.boot.test.autoconfigure.SpringBootDependencyInjectionTestExecutionListener@4e9658b5, org.springframework.test.context.support.DirtiesContextTestExecutionListener@2a7b6f69, org.springframework.test.context.event.EventPublishingTestExecutionListener@20312893, org.springframework.boot.test.autoconfigure.restdocs.RestDocsTestExecutionListener@70eecdc2, org.springframework.boot.test.autoconfigure.web.client.MockRestServiceServerResetTestExecutionListener@c41709a, org.springframework.boot.test.autoconfigure.web.servlet.MockMvcPrintOnlyOnFailureTestExecutionListener@7db0565c, org.springframework.boot.test.autoconfigure.web.servlet.WebDriverTestExecutionListener@54ec8cc9, org.springframework.boot.test.autoconfigure.webservices.client.MockWebServiceServerTestExecutionListener@52eacb4b, org.springframework.boot.test.mock.mockito.ResetMocksTestExecutionListener@5528a42c]
14:00:42.013 [Test worker] DEBUG org.springframework.test.context.support.AbstractDirtiesContextTestExecutionListener - Before test class: context [DefaultTestContext@1fe8d51b testClass = CalculatorApplicationTests, testInstance = [null], testMethod = [null], testException = [null], mergedContextConfiguration = [WebMergedContextConfiguration@781e7326 testClass = CalculatorApplicationTests, locations = '{}', classes = '{class com.jimevansstl.calculator.CalculatorApplication}', contextInitializerClasses = '[]', activeProfiles = '{}', propertySourceLocations = '{}', propertySourceProperties = '{org.springframework.boot.test.context.SpringBootTestContextBootstrapper=true}', contextCustomizers = set[org.springframework.boot.test.autoconfigure.actuate.metrics.MetricsExportContextCustomizerFactory$DisableMetricExportContextCustomizer@6941827a, org.springframework.boot.test.autoconfigure.properties.PropertyMappingContextCustomizer@0, org.springframework.boot.test.autoconfigure.web.servlet.WebDriverContextCustomizerFactory$Customizer@25b2cfcb, org.springframework.boot.test.context.filter.ExcludeFilterContextCustomizer@21baa903, org.springframework.boot.test.json.DuplicateJsonObjectContextCustomizerFactory$DuplicateJsonObjectContextCustomizer@40cb698e, org.springframework.boot.test.mock.mockito.MockitoContextCustomizer@0, org.springframework.boot.test.web.client.TestRestTemplateContextCustomizer@65b3a85a, org.springframework.boot.test.context.SpringBootTestArgs@1, org.springframework.boot.test.context.SpringBootTestWebEnvironment@78fa769e], resourceBasePath = 'src/main/webapp', contextLoader = 'org.springframework.boot.test.context.SpringBootContextLoader', parent = [null]], attributes = map['org.springframework.test.context.web.ServletTestExecutionListener.activateListener' -> true]], class annotated with @DirtiesContext [false] with mode [null].

  .   ____          _            __ _ _
 /\\ / ___'_ __ _ _(_)_ __  __ _ \ \ \ \
( ( )\___ | '_ | '_| | '_ \/ _` | \ \ \ \
 \\/  ___)| |_)| | | | | || (_| |  ) ) ) )
  '  |____| .__|_| |_|_| |_\__, | / / / /
 =========|_|==============|___/=/_/_/_/
 :: Spring Boot ::               (v2.7.13)

2023-07-12 14:00:42.182  INFO 4367 --- [    Test worker] c.j.c.CalculatorApplicationTests         : Starting CalculatorApplicationTests using Java 11.0.18 on debjenkins with PID 4367 (started by jim in /home/jim/Development/2nd_try/calculator)
2023-07-12 14:00:42.182  INFO 4367 --- [    Test worker] c.j.c.CalculatorApplicationTests         : No active profile set, falling back to 1 default profile: "default"
2023-07-12 14:00:42.838  INFO 4367 --- [    Test worker] c.j.c.CalculatorApplicationTests         : Started CalculatorApplicationTests in 0.808 seconds (JVM running for 1.448)
]]></system-out>
  <system-err><![CDATA[]]></system-err>
</testsuite>
