<?xml version="1.0" encoding="UTF-8"?>
<testsuite name="com.jimevansstl.calculator.CalculatorApplicationTests" tests="1" skipped="0" failures="0" errors="0" timestamp="2023-07-12T19:20:19" hostname="debjenkins" time="0.21">
  <properties/>
  <testcase name="contextLoads()" classname="com.jimevansstl.calculator.CalculatorApplicationTests" time="0.21"/>
  <system-out><![CDATA[14:20:18.375 [Test worker] DEBUG org.springframework.test.context.BootstrapUtils - Instantiating CacheAwareContextLoaderDelegate from class [org.springframework.test.context.cache.DefaultCacheAwareContextLoaderDelegate]
14:20:18.383 [Test worker] DEBUG org.springframework.test.context.BootstrapUtils - Instantiating BootstrapContext using constructor [public org.springframework.test.context.support.DefaultBootstrapContext(java.lang.Class,org.springframework.test.context.CacheAwareContextLoaderDelegate)]
14:20:18.403 [Test worker] DEBUG org.springframework.test.context.BootstrapUtils - Instantiating TestContextBootstrapper for test class [com.jimevansstl.calculator.CalculatorApplicationTests] from class [org.springframework.boot.test.context.SpringBootTestContextBootstrapper]
14:20:18.411 [Test worker] INFO org.springframework.boot.test.context.SpringBootTestContextBootstrapper - Neither @ContextConfiguration nor @ContextHierarchy found for test class [com.jimevansstl.calculator.CalculatorApplicationTests], using SpringBootContextLoader
14:20:18.413 [Test worker] DEBUG org.springframework.test.context.support.AbstractContextLoader - Did not detect default resource location for test class [com.jimevansstl.calculator.CalculatorApplicationTests]: class path resource [com/jimevansstl/calculator/CalculatorApplicationTests-context.xml] does not exist
14:20:18.413 [Test worker] DEBUG org.springframework.test.context.support.AbstractContextLoader - Did not detect default resource location for test class [com.jimevansstl.calculator.CalculatorApplicationTests]: class path resource [com/jimevansstl/calculator/CalculatorApplicationTestsContext.groovy] does not exist
14:20:18.413 [Test worker] INFO org.springframework.test.context.support.AbstractContextLoader - Could not detect default resource locations for test class [com.jimevansstl.calculator.CalculatorApplicationTests]: no resource found for suffixes {-context.xml, Context.groovy}.
14:20:18.414 [Test worker] INFO org.springframework.test.context.support.AnnotationConfigContextLoaderUtils - Could not detect default configuration classes for test class [com.jimevansstl.calculator.CalculatorApplicationTests]: CalculatorApplicationTests does not declare any static, non-private, non-final, nested classes annotated with @Configuration.
14:20:18.452 [Test worker] DEBUG org.springframework.test.context.support.ActiveProfilesUtils - Could not find an 'annotation declaring class' for annotation type [org.springframework.test.context.ActiveProfiles] and class [com.jimevansstl.calculator.CalculatorApplicationTests]
14:20:18.487 [Test worker] DEBUG org.springframework.context.annotation.ClassPathScanningCandidateComponentProvider - Identified candidate component class: file [/home/jim/Development/2nd_try/calculator/build/classes/java/main/com/jimevansstl/calculator/CalculatorApplication.class]
14:20:18.492 [Test worker] INFO org.springframework.boot.test.context.SpringBootTestContextBootstrapper - Found @SpringBootConfiguration com.jimevansstl.calculator.CalculatorApplication for test class com.jimevansstl.calculator.CalculatorApplicationTests
14:20:18.542 [Test worker] DEBUG org.springframework.boot.test.context.SpringBootTestContextBootstrapper - @TestExecutionListeners is not present for class [com.jimevansstl.calculator.CalculatorApplicationTests]: using defaults.
14:20:18.543 [Test worker] INFO org.springframework.boot.test.context.SpringBootTestContextBootstrapper - Loaded default TestExecutionListener class names from location [META-INF/spring.factories]: [org.springframework.boot.test.autoconfigure.restdocs.RestDocsTestExecutionListener, org.springframework.boot.test.autoconfigure.web.client.MockRestServiceServerResetTestExecutionListener, org.springframework.boot.test.autoconfigure.web.servlet.MockMvcPrintOnlyOnFailureTestExecutionListener, org.springframework.boot.test.autoconfigure.web.servlet.WebDriverTestExecutionListener, org.springframework.boot.test.autoconfigure.webservices.client.MockWebServiceServerTestExecutionListener, org.springframework.boot.test.mock.mockito.MockitoTestExecutionListener, org.springframework.boot.test.mock.mockito.ResetMocksTestExecutionListener, org.springframework.test.context.web.ServletTestExecutionListener, org.springframework.test.context.support.DirtiesContextBeforeModesTestExecutionListener, org.springframework.test.context.event.ApplicationEventsTestExecutionListener, org.springframework.test.context.support.DependencyInjectionTestExecutionListener, org.springframework.test.context.support.DirtiesContextTestExecutionListener, org.springframework.test.context.transaction.TransactionalTestExecutionListener, org.springframework.test.context.jdbc.SqlScriptsTestExecutionListener, org.springframework.test.context.event.EventPublishingTestExecutionListener]
14:20:18.550 [Test worker] DEBUG org.springframework.boot.test.context.SpringBootTestContextBootstrapper - Skipping candidate TestExecutionListener [org.springframework.test.context.transaction.TransactionalTestExecutionListener] due to a missing dependency. Specify custom listener classes or make the default listener classes and their required dependencies available. Offending class: [org/springframework/transaction/TransactionDefinition]
14:20:18.551 [Test worker] DEBUG org.springframework.boot.test.context.SpringBootTestContextBootstrapper - Skipping candidate TestExecutionListener [org.springframework.test.context.jdbc.SqlScriptsTestExecutionListener] due to a missing dependency. Specify custom listener classes or make the default listener classes and their required dependencies available. Offending class: [org/springframework/transaction/interceptor/TransactionAttribute]
14:20:18.551 [Test worker] INFO org.springframework.boot.test.context.SpringBootTestContextBootstrapper - Using TestExecutionListeners: [org.springframework.test.context.web.ServletTestExecutionListener@672f11c2, org.springframework.test.context.support.DirtiesContextBeforeModesTestExecutionListener@2970a5bc, org.springframework.test.context.event.ApplicationEventsTestExecutionListener@50305a, org.springframework.boot.test.mock.mockito.MockitoTestExecutionListener@72efb5c1, org.springframework.boot.test.autoconfigure.SpringBootDependencyInjectionTestExecutionListener@6d511b5f, org.springframework.test.context.support.DirtiesContextTestExecutionListener@41200e0c, org.springframework.test.context.event.EventPublishingTestExecutionListener@40f33492, org.springframework.boot.test.autoconfigure.restdocs.RestDocsTestExecutionListener@4fbdc0f0, org.springframework.boot.test.autoconfigure.web.client.MockRestServiceServerResetTestExecutionListener@2ad3a1bb, org.springframework.boot.test.autoconfigure.web.servlet.MockMvcPrintOnlyOnFailureTestExecutionListener@6bc28a83, org.springframework.boot.test.autoconfigure.web.servlet.WebDriverTestExecutionListener@324c64cd, org.springframework.boot.test.autoconfigure.webservices.client.MockWebServiceServerTestExecutionListener@13579834, org.springframework.boot.test.mock.mockito.ResetMocksTestExecutionListener@24be2d9c]
14:20:18.552 [Test worker] DEBUG org.springframework.test.context.support.AbstractDirtiesContextTestExecutionListener - Before test class: context [DefaultTestContext@15bcf458 testClass = CalculatorApplicationTests, testInstance = [null], testMethod = [null], testException = [null], mergedContextConfiguration = [WebMergedContextConfiguration@5af9926a testClass = CalculatorApplicationTests, locations = '{}', classes = '{class com.jimevansstl.calculator.CalculatorApplication}', contextInitializerClasses = '[]', activeProfiles = '{}', propertySourceLocations = '{}', propertySourceProperties = '{org.springframework.boot.test.context.SpringBootTestContextBootstrapper=true}', contextCustomizers = set[org.springframework.boot.test.autoconfigure.actuate.metrics.MetricsExportContextCustomizerFactory$DisableMetricExportContextCustomizer@1c3146bc, org.springframework.boot.test.autoconfigure.properties.PropertyMappingContextCustomizer@0, org.springframework.boot.test.autoconfigure.web.servlet.WebDriverContextCustomizerFactory$Customizer@4ba302e0, org.springframework.boot.test.context.filter.ExcludeFilterContextCustomizer@31e4bb20, org.springframework.boot.test.json.DuplicateJsonObjectContextCustomizerFactory$DuplicateJsonObjectContextCustomizer@f001896, org.springframework.boot.test.mock.mockito.MockitoContextCustomizer@0, org.springframework.boot.test.web.client.TestRestTemplateContextCustomizer@45905bff, org.springframework.boot.test.context.SpringBootTestArgs@1, org.springframework.boot.test.context.SpringBootTestWebEnvironment@1e16c0aa], resourceBasePath = 'src/main/webapp', contextLoader = 'org.springframework.boot.test.context.SpringBootContextLoader', parent = [null]], attributes = map['org.springframework.test.context.web.ServletTestExecutionListener.activateListener' -> true]], class annotated with @DirtiesContext [false] with mode [null].

  .   ____          _            __ _ _
 /\\ / ___'_ __ _ _(_)_ __  __ _ \ \ \ \
( ( )\___ | '_ | '_| | '_ \/ _` | \ \ \ \
 \\/  ___)| |_)| | | | | || (_| |  ) ) ) )
  '  |____| .__|_| |_|_| |_\__, | / / / /
 =========|_|==============|___/=/_/_/_/
 :: Spring Boot ::               (v2.7.13)

2023-07-12 14:20:18.768  INFO 3063 --- [    Test worker] c.j.c.CalculatorApplicationTests         : Starting CalculatorApplicationTests using Java 11.0.18 on debjenkins with PID 3063 (started by jim in /home/jim/Development/2nd_try/calculator)
2023-07-12 14:20:18.770  INFO 3063 --- [    Test worker] c.j.c.CalculatorApplicationTests         : No active profile set, falling back to 1 default profile: "default"
2023-07-12 14:20:19.472  INFO 3063 --- [    Test worker] c.j.c.CalculatorApplicationTests         : Started CalculatorApplicationTests in 0.888 seconds (JVM running for 1.559)
]]></system-out>
  <system-err><![CDATA[]]></system-err>
</testsuite>
