<?xml version="1.0" encoding="UTF-8"?>
<testsuite name="com.jimevansstl.calculator.CalculatorTest" tests="1" skipped="0" failures="0" errors="0" timestamp="2023-07-12T19:00:41" hostname="debjenkins" time="0.008">
  <properties/>
  <testcase name="testSum()" classname="com.jimevansstl.calculator.CalculatorTest" time="0.008"/>
  <system-out><![CDATA[]]></system-out>
  <system-err><![CDATA[]]></system-err>
</testsuite>
